{"D:\\Programming\\cohortAssignment\\full_stack_assignments\\week-3\\01-middlewares\\01-requestcount.js": {"path":"D:\\Programming\\cohortAssignment\\full_stack_assignments\\week-3\\01-middlewares\\01-requestcount.js","all":false,"statementMap":{"0":{"start":{"line":1,"column":0},"end":{"line":1,"column":37}},"1":{"start":{"line":2,"column":0},"end":{"line":2,"column":33}},"2":{"start":{"line":3,"column":0},"end":{"line":3,"column":35}},"3":{"start":{"line":4,"column":0},"end":{"line":4,"column":0}},"4":{"start":{"line":5,"column":0},"end":{"line":5,"column":22}},"5":{"start":{"line":6,"column":0},"end":{"line":6,"column":21}},"6":{"start":{"line":7,"column":0},"end":{"line":7,"column":0}},"7":{"start":{"line":8,"column":0},"end":{"line":8,"column":67}},"8":{"start":{"line":9,"column":0},"end":{"line":9,"column":66}},"9":{"start":{"line":10,"column":0},"end":{"line":10,"column":78}},"10":{"start":{"line":11,"column":0},"end":{"line":11,"column":24}},"11":{"start":{"line":12,"column":0},"end":{"line":12,"column":0}},"12":{"start":{"line":13,"column":0},"end":{"line":13,"column":20}},"13":{"start":{"line":14,"column":0},"end":{"line":14,"column":0}},"14":{"start":{"line":15,"column":0},"end":{"line":15,"column":36}},"15":{"start":{"line":16,"column":0},"end":{"line":16,"column":34}},"16":{"start":{"line":17,"column":0},"end":{"line":17,"column":9}},"17":{"start":{"line":18,"column":0},"end":{"line":18,"column":1}},"18":{"start":{"line":19,"column":0},"end":{"line":19,"column":0}},"19":{"start":{"line":20,"column":0},"end":{"line":20,"column":37}},"20":{"start":{"line":21,"column":0},"end":{"line":21,"column":41}},"21":{"start":{"line":22,"column":0},"end":{"line":22,"column":3}},"22":{"start":{"line":23,"column":0},"end":{"line":23,"column":0}},"23":{"start":{"line":24,"column":0},"end":{"line":24,"column":38}},"24":{"start":{"line":25,"column":0},"end":{"line":25,"column":54}},"25":{"start":{"line":26,"column":0},"end":{"line":26,"column":3}},"26":{"start":{"line":27,"column":0},"end":{"line":27,"column":0}},"27":{"start":{"line":28,"column":0},"end":{"line":28,"column":45}},"28":{"start":{"line":29,"column":0},"end":{"line":29,"column":41}},"29":{"start":{"line":30,"column":0},"end":{"line":30,"column":3}},"30":{"start":{"line":31,"column":0},"end":{"line":31,"column":0}},"31":{"start":{"line":32,"column":0},"end":{"line":32,"column":0}},"32":{"start":{"line":33,"column":0},"end":{"line":33,"column":0}},"33":{"start":{"line":34,"column":0},"end":{"line":34,"column":0}},"34":{"start":{"line":35,"column":0},"end":{"line":35,"column":21}}},"s":{"0":1,"1":1,"2":1,"3":1,"4":1,"5":1,"6":1,"7":1,"8":1,"9":1,"10":1,"11":1,"12":1,"13":1,"14":12,"15":12,"16":12,"17":12,"18":1,"19":1,"20":10,"21":1,"22":1,"23":1,"24":0,"25":1,"26":1,"27":1,"28":2,"29":1,"30":1,"31":1,"32":1,"33":1,"34":1},"branchMap":{"0":{"type":"branch","line":15,"loc":{"start":{"line":15,"column":0},"end":{"line":18,"column":1}},"locations":[{"start":{"line":15,"column":0},"end":{"line":18,"column":1}}]},"1":{"type":"branch","line":20,"loc":{"start":{"line":20,"column":17},"end":{"line":22,"column":2}},"locations":[{"start":{"line":20,"column":17},"end":{"line":22,"column":2}}]},"2":{"type":"branch","line":28,"loc":{"start":{"line":28,"column":25},"end":{"line":30,"column":2}},"locations":[{"start":{"line":28,"column":25},"end":{"line":30,"column":2}}]}},"b":{"0":[12],"1":[10],"2":[2]},"fnMap":{"0":{"name":"middleware","decl":{"start":{"line":15,"column":0},"end":{"line":18,"column":1}},"loc":{"start":{"line":15,"column":0},"end":{"line":18,"column":1}},"line":15}},"f":{"0":12}}
,"D:\\Programming\\cohortAssignment\\full_stack_assignments\\week-3\\01-middlewares\\02-ratelimitter.js": {"path":"D:\\Programming\\cohortAssignment\\full_stack_assignments\\week-3\\01-middlewares\\02-ratelimitter.js","all":false,"statementMap":{"0":{"start":{"line":1,"column":0},"end":{"line":1,"column":37}},"1":{"start":{"line":2,"column":0},"end":{"line":2,"column":33}},"2":{"start":{"line":3,"column":0},"end":{"line":3,"column":35}},"3":{"start":{"line":4,"column":0},"end":{"line":4,"column":22}},"4":{"start":{"line":5,"column":0},"end":{"line":5,"column":67}},"5":{"start":{"line":6,"column":0},"end":{"line":6,"column":66}},"6":{"start":{"line":7,"column":0},"end":{"line":7,"column":67}},"7":{"start":{"line":8,"column":0},"end":{"line":8,"column":70}},"8":{"start":{"line":9,"column":0},"end":{"line":9,"column":32}},"9":{"start":{"line":10,"column":0},"end":{"line":10,"column":67}},"10":{"start":{"line":11,"column":0},"end":{"line":11,"column":79}},"11":{"start":{"line":12,"column":0},"end":{"line":12,"column":26}},"12":{"start":{"line":13,"column":0},"end":{"line":13,"column":0}},"13":{"start":{"line":14,"column":0},"end":{"line":14,"column":31}},"14":{"start":{"line":15,"column":0},"end":{"line":15,"column":16}},"15":{"start":{"line":16,"column":0},"end":{"line":16,"column":11}},"16":{"start":{"line":17,"column":0},"end":{"line":17,"column":32}},"17":{"start":{"line":18,"column":0},"end":{"line":18,"column":2}},"18":{"start":{"line":19,"column":0},"end":{"line":19,"column":19}},"19":{"start":{"line":20,"column":0},"end":{"line":20,"column":29}},"20":{"start":{"line":21,"column":0},"end":{"line":21,"column":18}},"21":{"start":{"line":22,"column":0},"end":{"line":22,"column":13}},"22":{"start":{"line":23,"column":0},"end":{"line":23,"column":34}},"23":{"start":{"line":24,"column":0},"end":{"line":24,"column":4}},"24":{"start":{"line":25,"column":0},"end":{"line":25,"column":9}},"25":{"start":{"line":26,"column":0},"end":{"line":26,"column":0}},"26":{"start":{"line":27,"column":0},"end":{"line":27,"column":20}},"27":{"start":{"line":28,"column":0},"end":{"line":28,"column":0}},"28":{"start":{"line":29,"column":0},"end":{"line":29,"column":37}},"29":{"start":{"line":30,"column":0},"end":{"line":30,"column":49}},"30":{"start":{"line":31,"column":0},"end":{"line":31,"column":2}},"31":{"start":{"line":32,"column":0},"end":{"line":32,"column":64}},"32":{"start":{"line":33,"column":0},"end":{"line":33,"column":70}},"33":{"start":{"line":34,"column":0},"end":{"line":34,"column":59}},"34":{"start":{"line":35,"column":0},"end":{"line":35,"column":40}},"35":{"start":{"line":36,"column":0},"end":{"line":36,"column":11}},"36":{"start":{"line":37,"column":0},"end":{"line":37,"column":11}},"37":{"start":{"line":38,"column":0},"end":{"line":38,"column":3}},"38":{"start":{"line":39,"column":0},"end":{"line":39,"column":0}},"39":{"start":{"line":40,"column":0},"end":{"line":40,"column":69}},"40":{"start":{"line":41,"column":0},"end":{"line":41,"column":8}},"41":{"start":{"line":42,"column":0},"end":{"line":42,"column":42}},"42":{"start":{"line":43,"column":0},"end":{"line":43,"column":61}},"43":{"start":{"line":44,"column":0},"end":{"line":44,"column":7}},"44":{"start":{"line":45,"column":0},"end":{"line":45,"column":73}},"45":{"start":{"line":46,"column":0},"end":{"line":46,"column":66}},"46":{"start":{"line":47,"column":0},"end":{"line":47,"column":13}},"47":{"start":{"line":48,"column":0},"end":{"line":48,"column":13}},"48":{"start":{"line":49,"column":0},"end":{"line":49,"column":12}},"49":{"start":{"line":50,"column":0},"end":{"line":50,"column":65}},"50":{"start":{"line":51,"column":0},"end":{"line":51,"column":46}},"51":{"start":{"line":52,"column":0},"end":{"line":52,"column":13}},"52":{"start":{"line":53,"column":0},"end":{"line":53,"column":5}},"53":{"start":{"line":54,"column":0},"end":{"line":54,"column":3}},"54":{"start":{"line":55,"column":0},"end":{"line":55,"column":1}},"55":{"start":{"line":56,"column":0},"end":{"line":56,"column":0}},"56":{"start":{"line":57,"column":0},"end":{"line":57,"column":38}},"57":{"start":{"line":58,"column":0},"end":{"line":58,"column":41}},"58":{"start":{"line":59,"column":0},"end":{"line":59,"column":3}},"59":{"start":{"line":60,"column":0},"end":{"line":60,"column":0}},"60":{"start":{"line":61,"column":0},"end":{"line":61,"column":39}},"61":{"start":{"line":62,"column":0},"end":{"line":62,"column":54}},"62":{"start":{"line":63,"column":0},"end":{"line":63,"column":3}},"63":{"start":{"line":64,"column":0},"end":{"line":64,"column":0}},"64":{"start":{"line":65,"column":0},"end":{"line":65,"column":34}},"65":{"start":{"line":66,"column":0},"end":{"line":66,"column":28}},"66":{"start":{"line":67,"column":0},"end":{"line":67,"column":3}},"67":{"start":{"line":68,"column":0},"end":{"line":68,"column":0}},"68":{"start":{"line":69,"column":0},"end":{"line":69,"column":21}}},"s":{"0":1,"1":1,"2":1,"3":1,"4":1,"5":1,"6":1,"7":1,"8":1,"9":1,"10":1,"11":1,"12":1,"13":1,"14":1,"15":1,"16":1,"17":1,"18":1,"19":2,"20":2,"21":2,"22":2,"23":2,"24":1,"25":1,"26":1,"27":1,"28":13,"29":13,"30":2,"31":2,"32":2,"33":2,"34":2,"35":2,"36":2,"37":2,"38":11,"39":11,"40":11,"41":11,"42":4,"43":11,"44":4,"45":4,"46":4,"47":4,"48":11,"49":7,"50":7,"51":0,"52":0,"53":11,"54":13,"55":1,"56":1,"57":6,"58":1,"59":1,"60":1,"61":0,"62":1,"63":1,"64":1,"65":7,"66":1,"67":1,"68":1},"branchMap":{"0":{"type":"branch","line":19,"loc":{"start":{"line":19,"column":12},"end":{"line":25,"column":3}},"locations":[{"start":{"line":19,"column":12},"end":{"line":25,"column":3}}]},"1":{"type":"branch","line":29,"loc":{"start":{"line":29,"column":0},"end":{"line":55,"column":1}},"locations":[{"start":{"line":29,"column":0},"end":{"line":55,"column":1}}]},"2":{"type":"branch","line":30,"loc":{"start":{"line":30,"column":48},"end":{"line":38,"column":3}},"locations":[{"start":{"line":30,"column":48},"end":{"line":38,"column":3}}]},"3":{"type":"branch","line":38,"loc":{"start":{"line":38,"column":2},"end":{"line":54,"column":3}},"locations":[{"start":{"line":38,"column":2},"end":{"line":54,"column":3}}]},"4":{"type":"branch","line":42,"loc":{"start":{"line":42,"column":39},"end":{"line":43,"column":61}},"locations":[{"start":{"line":42,"column":39},"end":{"line":43,"column":61}}]},"5":{"type":"branch","line":44,"loc":{"start":{"line":44,"column":6},"end":{"line":49,"column":5}},"locations":[{"start":{"line":44,"column":6},"end":{"line":49,"column":5}}]},"6":{"type":"branch","line":49,"loc":{"start":{"line":49,"column":5},"end":{"line":53,"column":5}},"locations":[{"start":{"line":49,"column":5},"end":{"line":53,"column":5}}]},"7":{"type":"branch","line":51,"loc":{"start":{"line":51,"column":45},"end":{"line":53,"column":5}},"locations":[{"start":{"line":51,"column":45},"end":{"line":53,"column":5}}]},"8":{"type":"branch","line":57,"loc":{"start":{"line":57,"column":17},"end":{"line":59,"column":2}},"locations":[{"start":{"line":57,"column":17},"end":{"line":59,"column":2}}]},"9":{"type":"branch","line":65,"loc":{"start":{"line":65,"column":8},"end":{"line":67,"column":2}},"locations":[{"start":{"line":65,"column":8},"end":{"line":67,"column":2}}]}},"b":{"0":[2],"1":[13],"2":[2],"3":[11],"4":[4],"5":[4],"6":[7],"7":[0],"8":[6],"9":[7]},"fnMap":{"0":{"name":"middleware","decl":{"start":{"line":29,"column":0},"end":{"line":55,"column":1}},"loc":{"start":{"line":29,"column":0},"end":{"line":55,"column":1}},"line":29}},"f":{"0":13}}
,"D:\\Programming\\cohortAssignment\\full_stack_assignments\\week-3\\01-middlewares\\03-errorcount.js": {"path":"D:\\Programming\\cohortAssignment\\full_stack_assignments\\week-3\\01-middlewares\\03-errorcount.js","all":false,"statementMap":{"0":{"start":{"line":1,"column":0},"end":{"line":1,"column":37}},"1":{"start":{"line":2,"column":0},"end":{"line":2,"column":33}},"2":{"start":{"line":3,"column":0},"end":{"line":3,"column":35}},"3":{"start":{"line":4,"column":0},"end":{"line":4,"column":0}},"4":{"start":{"line":5,"column":0},"end":{"line":5,"column":22}},"5":{"start":{"line":6,"column":0},"end":{"line":6,"column":19}},"6":{"start":{"line":7,"column":0},"end":{"line":7,"column":0}},"7":{"start":{"line":8,"column":0},"end":{"line":8,"column":67}},"8":{"start":{"line":9,"column":0},"end":{"line":9,"column":18}},"9":{"start":{"line":10,"column":0},"end":{"line":10,"column":87}},"10":{"start":{"line":11,"column":0},"end":{"line":11,"column":112}},"11":{"start":{"line":12,"column":0},"end":{"line":12,"column":0}},"12":{"start":{"line":13,"column":0},"end":{"line":13,"column":37}},"13":{"start":{"line":14,"column":0},"end":{"line":14,"column":36}},"14":{"start":{"line":15,"column":0},"end":{"line":15,"column":41}},"15":{"start":{"line":16,"column":0},"end":{"line":16,"column":3}},"16":{"start":{"line":17,"column":0},"end":{"line":17,"column":0}},"17":{"start":{"line":18,"column":0},"end":{"line":18,"column":38}},"18":{"start":{"line":19,"column":0},"end":{"line":19,"column":54}},"19":{"start":{"line":20,"column":0},"end":{"line":20,"column":3}},"20":{"start":{"line":21,"column":0},"end":{"line":21,"column":0}},"21":{"start":{"line":22,"column":0},"end":{"line":22,"column":43}},"22":{"start":{"line":23,"column":0},"end":{"line":23,"column":39}},"23":{"start":{"line":24,"column":0},"end":{"line":24,"column":3}},"24":{"start":{"line":25,"column":0},"end":{"line":25,"column":0}},"25":{"start":{"line":26,"column":0},"end":{"line":26,"column":34}},"26":{"start":{"line":27,"column":0},"end":{"line":27,"column":10}},"27":{"start":{"line":28,"column":0},"end":{"line":28,"column":31}},"28":{"start":{"line":29,"column":0},"end":{"line":29,"column":48}},"29":{"start":{"line":30,"column":0},"end":{"line":30,"column":3}},"30":{"start":{"line":31,"column":0},"end":{"line":31,"column":2}},"31":{"start":{"line":32,"column":0},"end":{"line":32,"column":0}},"32":{"start":{"line":33,"column":0},"end":{"line":33,"column":21}}},"s":{"0":1,"1":1,"2":1,"3":1,"4":1,"5":1,"6":1,"7":1,"8":1,"9":1,"10":1,"11":1,"12":1,"13":11,"14":0,"15":1,"16":1,"17":1,"18":0,"19":1,"20":1,"21":1,"22":2,"23":1,"24":1,"25":1,"26":11,"27":11,"28":11,"29":11,"30":11,"31":1,"32":1},"branchMap":{"0":{"type":"branch","line":13,"loc":{"start":{"line":13,"column":17},"end":{"line":16,"column":2}},"locations":[{"start":{"line":13,"column":17},"end":{"line":16,"column":2}}]},"1":{"type":"branch","line":14,"loc":{"start":{"line":14,"column":35},"end":{"line":16,"column":2}},"locations":[{"start":{"line":14,"column":35},"end":{"line":16,"column":2}}]},"2":{"type":"branch","line":22,"loc":{"start":{"line":22,"column":23},"end":{"line":24,"column":2}},"locations":[{"start":{"line":22,"column":23},"end":{"line":24,"column":2}}]},"3":{"type":"branch","line":26,"loc":{"start":{"line":26,"column":8},"end":{"line":31,"column":2}},"locations":[{"start":{"line":26,"column":8},"end":{"line":31,"column":2}}]}},"b":{"0":[11],"1":[0],"2":[2],"3":[11]},"fnMap":{},"f":{}}
}
